<?xml version="1.0" encoding="UTF-8" ?>
<testsuites>
  <testsuite errors="0" failures="0" hostname="isfront-dev" id="0" name="StreamTest" package="question465" skipped="0" tests="4" time="0.229" timestamp="2023-05-03T17:54:43">
      <properties />

      <testcase classname="question465.StreamTest" name="conversionToList" time="0.169" />

      <testcase classname="question465.StreamTest" name="conversionToSet" time="0.006" />

      <testcase classname="question465.StreamTest" name="conversionToMap" time="0.012" />

      <testcase classname="question465.StreamTest" name="sorted" time="0.027" />

      <system-out><![CDATA[--Output from conversionToList--
--Output from conversionToSet--
--Output from conversionToMap--
--Output from sorted--
sorted by Age
Nemo --- 1
AngryBird --- 2
Batman --- 2
DonaldDuck --- 4
Shark --- 4
Some Octopus --- 5
]]></system-out>

      <system-err><![CDATA[--Output from conversionToList--
--Output from conversionToSet--
--Output from conversionToMap--
--Output from sorted--
]]></system-err>

  </testsuite>
</testsuites>
